Configuring network-transport-tcp-0.6.0...
Building network-transport-tcp-0.6.0...
Preprocessing library network-transport-tcp-0.6.0...
[1 of 2] Compiling Network.Transport.TCP.Internal ( src/Network/Transport/TCP/Internal.hs, .stack-work/dist/x86_64-linux-tinfo6/Cabal-1.24.2.0/build/Network/Transport/TCP/Internal.o )

src/Network/Transport/TCP/Internal.hs:83:1: warning: [-Wunused-imports]
    The import of ‘Control.Monad’ is redundant
      except perhaps to import instances from ‘Control.Monad’
    To import instances alone, use: import Control.Monad()

src/Network/Transport/TCP/Internal.hs:84:1: warning: [-Wunused-imports]
    The import of ‘SomeException, bracketOnError, catch, mask_,
                   onException, throwIO’
    from module ‘Control.Exception’ is redundant

src/Network/Transport/TCP/Internal.hs:96:1: warning: [-Wunused-imports]
    The import of ‘Data.Word’ is redundant
      except perhaps to import instances from ‘Data.Word’
    To import instances alone, use: import Data.Word()

src/Network/Transport/TCP/Internal.hs:223:7: warning: [-Wdeprecations]
    In the use of ‘bindSocket’ (imported from Network.Socket):
    Deprecated: "use 'bind'"

src/Network/Transport/TCP/Internal.hs:228:21: warning: [-Wname-shadowing]
    This binding for ‘sock’ shadows the existing binding
      bound at src/Network/Transport/TCP/Internal.hs:221:38

src/Network/Transport/TCP/Internal.hs:229:13: warning: [-Wdeprecations]
    In the use of ‘sClose’ (imported from Network.Socket):
    Deprecated: "use 'close'"

src/Network/Transport/TCP/Internal.hs:232:24: warning: [-Wname-shadowing]
    This binding for ‘sock’ shadows the existing binding
      bound at src/Network/Transport/TCP/Internal.hs:221:38

src/Network/Transport/TCP/Internal.hs:247:14: warning: [-Wname-shadowing]
    This binding for ‘sock’ shadows the existing binding
      bound at src/Network/Transport/TCP/Internal.hs:221:38

src/Network/Transport/TCP/Internal.hs:251:29: warning: [-Wdeprecations]
    In the use of ‘sClose’ (imported from Network.Socket):
    Deprecated: "use 'close'"

src/Network/Transport/TCP/Internal.hs:284:3: warning: [-Wdeprecations]
    In the use of ‘sClose’ (imported from Network.Socket):
    Deprecated: "use 'close'"
[2 of 2] Compiling Network.Transport.TCP ( src/Network/Transport/TCP.hs, .stack-work/dist/x86_64-linux-tinfo6/Cabal-1.24.2.0/build/Network/Transport/TCP.o )

src/Network/Transport/TCP.hs:68:1: warning: [-Wunused-imports]
    The import of ‘tryToEnum’
    from module ‘Network.Transport.Internal’ is redundant

src/Network/Transport/TCP.hs:170:1: warning: [-Wunused-imports]
    The qualified import of ‘Data.ByteString’ is redundant
      except perhaps to import instances from ‘Data.ByteString’
    To import instances alone, use: import Data.ByteString()

src/Network/Transport/TCP.hs:960:32: warning: [-Wname-shadowing]
    This binding for ‘sock’ shadows the existing binding
      bound at src/Network/Transport/TCP.hs:916:49

src/Network/Transport/TCP.hs:960:38: warning: [-Wname-shadowing]
    This binding for ‘sockAddr’ shadows the existing binding
      bound at src/Network/Transport/TCP.hs:916:55

src/Network/Transport/TCP.hs:962:20: warning: [-Wunused-matches]
    Defined but not used: ‘actualPort’

src/Network/Transport/TCP.hs:1229:17: warning: [-Wunused-matches]
    Defined but not used: ‘sock’

src/Network/Transport/TCP.hs:1272:17: warning: [-Wname-shadowing]
    This binding for ‘act’ shadows the existing binding
      bound at src/Network/Transport/TCP.hs:1103:5

src/Network/Transport/TCP.hs:1303:17: warning: [-Wname-shadowing]
    This binding for ‘act’ shadows the existing binding
      bound at src/Network/Transport/TCP.hs:1103:5

src/Network/Transport/TCP.hs:1313:14: warning: [-Wname-shadowing]
    This binding for ‘act’ shadows the existing binding
      bound at src/Network/Transport/TCP.hs:1103:5

src/Network/Transport/TCP.hs:1376:21: warning: [-Wname-shadowing]
    This binding for ‘err’ shadows the existing binding
      bound at src/Network/Transport/TCP.hs:1343:19

src/Network/Transport/TCP.hs:1887:21: warning: [-Wunused-matches]
    Defined but not used: ‘ourEndPoint’
Installing library in
/home/xnor/Haskell/tgordon/project/.stack-work/install/x86_64-linux-tinfo6/lts-9.21/8.0.2/lib/x86_64-linux-ghc-8.0.2/network-transport-tcp-0.6.0-7iLvIeYSyDD2vdhEdZYK1N
Registering network-transport-tcp-0.6.0...
